  AppDelegate.cpp
  Biology.cpp
  character.cpp
  GameBase.cpp
d:\gamedevelop\mygame\imastory\proj.win32\ima\ui\missionpage.h(25): warning C4996: 'cocos2d::LabelTTF': 被声明为已否决 (编译源文件 IMA\Base\GameBase.cpp)
  d:\gamedevelop\mygame\imastory\cocos2d\cocos\2d\cclabelttf.h(67): note: 参见“cocos2d::LabelTTF”的声明 (编译源文件 IMA\Base\GameBase.cpp)
d:\gamedevelop\mygame\imastory\proj.win32\ima\ui\missionpage.h(26): warning C4996: 'cocos2d::LabelTTF': 被声明为已否决 (编译源文件 IMA\Base\GameBase.cpp)
  d:\gamedevelop\mygame\imastory\cocos2d\cocos\2d\cclabelttf.h(67): note: 参见“cocos2d::LabelTTF”的声明 (编译源文件 IMA\Base\GameBase.cpp)
d:\gamedevelop\mygame\imastory\proj.win32\ima\base\gamebase.cpp(81): warning C4996: 'CocosDenshion::SimpleAudioEngine::sharedEngine': 被声明为已否决
  d:\gamedevelop\mygame\imastory\cocos2d\cocos\audio\include\simpleaudioengine.h(70): note: 参见“CocosDenshion::SimpleAudioEngine::sharedEngine”的声明
d:\gamedevelop\mygame\imastory\proj.win32\ima\base\gamebase.cpp(82): warning C4996: 'CocosDenshion::SimpleAudioEngine::sharedEngine': 被声明为已否决
  d:\gamedevelop\mygame\imastory\cocos2d\cocos\audio\include\simpleaudioengine.h(70): note: 参见“CocosDenshion::SimpleAudioEngine::sharedEngine”的声明
d:\gamedevelop\mygame\imastory\proj.win32\ima\base\gamebase.cpp(115): warning C4996: 'CocosDenshion::SimpleAudioEngine::sharedEngine': 被声明为已否决
  d:\gamedevelop\mygame\imastory\cocos2d\cocos\audio\include\simpleaudioengine.h(70): note: 参见“CocosDenshion::SimpleAudioEngine::sharedEngine”的声明
d:\gamedevelop\mygame\imastory\proj.win32\ima\base\gamebase.cpp(135): warning C4996: 'CocosDenshion::SimpleAudioEngine::sharedEngine': 被声明为已否决
  d:\gamedevelop\mygame\imastory\cocos2d\cocos\audio\include\simpleaudioengine.h(70): note: 参见“CocosDenshion::SimpleAudioEngine::sharedEngine”的声明
d:\gamedevelop\mygame\imastory\proj.win32\ima\base\gamebase.cpp(137): warning C4996: 'CocosDenshion::SimpleAudioEngine::sharedEngine': 被声明为已否决
  d:\gamedevelop\mygame\imastory\cocos2d\cocos\audio\include\simpleaudioengine.h(70): note: 参见“CocosDenshion::SimpleAudioEngine::sharedEngine”的声明
  Mission.cpp
  Monster.cpp
  MainCharacter.cpp
  Controller.cpp
  MonsterSM.cpp
  NPCManager.cpp
  AnimaParam.cpp
  DBUtil.cpp
  Useful.cpp
  Boss.cpp
  NPC.cpp
d:\gamedevelop\mygame\imastory\proj.win32\ima\normal\dbutil.cpp(97): warning C4566: 由通用字符名称“\u00A0”表示的字符不能在当前代码页(936)中表示出来
  Slime.cpp
  hello.cpp
  helloworld.cpp
  HelloWorldScene.cpp
  UILayer.cpp
  GameDataManager.cpp
  GameManager.cpp
  MissionManager.cpp
d:\gamedevelop\mygame\imastory\proj.win32\ima\ui\missionpage.h(25): warning C4996: 'cocos2d::LabelTTF': 被声明为已否决 (编译源文件 IMA\Scene\UILayer.cpp)
  d:\gamedevelop\mygame\imastory\cocos2d\cocos\2d\cclabelttf.h(67): note: 参见“cocos2d::LabelTTF”的声明 (编译源文件 IMA\Scene\UILayer.cpp)
d:\gamedevelop\mygame\imastory\proj.win32\ima\ui\missionpage.h(26): warning C4996: 'cocos2d::LabelTTF': 被声明为已否决 (编译源文件 IMA\Scene\UILayer.cpp)
  d:\gamedevelop\mygame\imastory\cocos2d\cocos\2d\cclabelttf.h(67): note: 参见“cocos2d::LabelTTF”的声明 (编译源文件 IMA\Scene\UILayer.cpp)
d:\gamedevelop\mygame\imastory\proj.win32\ima\scene\uilayer.cpp(164): warning C4305: “参数”: 从“double”到“float”截断
d:\gamedevelop\mygame\imastory\proj.win32\ima\scene\uilayer.cpp(169): warning C4305: “参数”: 从“double”到“float”截断
d:\gamedevelop\mygame\imastory\proj.win32\ima\scene\uilayer.cpp(216): warning C4996: 'CocosDenshion::SimpleAudioEngine::sharedEngine': 被声明为已否决
  d:\gamedevelop\mygame\imastory\cocos2d\cocos\audio\include\simpleaudioengine.h(70): note: 参见“CocosDenshion::SimpleAudioEngine::sharedEngine”的声明
  MonsterManager.cpp
d:\gamedevelop\mygame\imastory\proj.win32\ima\singleton\gamedatamanager.cpp(239): warning C4018: “<”: 有符号/无符号不匹配
d:\gamedevelop\mygame\imastory\proj.win32\ima\singleton\gamedatamanager.cpp(380): warning C4018: “>=”: 有符号/无符号不匹配
  ScriptManager.cpp
  Bottom.cpp
d:\gamedevelop\mygame\imastory\proj.win32\ima\singleton\gamedatamanager.cpp(370): warning C4172: 返回局部变量或临时变量的地址
  DialogBoxZero.cpp
d:\gamedevelop\mygame\imastory\proj.win32\ima\ui\missionpage.h(25): warning C4996: 'cocos2d::LabelTTF': 被声明为已否决 (编译源文件 IMA\System\MonsterManager.cpp)
  d:\gamedevelop\mygame\imastory\cocos2d\cocos\2d\cclabelttf.h(67): note: 参见“cocos2d::LabelTTF”的声明 (编译源文件 IMA\System\MonsterManager.cpp)
d:\gamedevelop\mygame\imastory\proj.win32\ima\ui\missionpage.h(26): warning C4996: 'cocos2d::LabelTTF': 被声明为已否决 (编译源文件 IMA\System\MonsterManager.cpp)
  d:\gamedevelop\mygame\imastory\cocos2d\cocos\2d\cclabelttf.h(67): note: 参见“cocos2d::LabelTTF”的声明 (编译源文件 IMA\System\MonsterManager.cpp)
  MissionPage.cpp
d:\gamedevelop\mygame\imastory\proj.win32\ima\ui\dialogboxzero.cpp(86): warning C4018: “<”: 有符号/无符号不匹配
d:\gamedevelop\mygame\imastory\proj.win32\ima\ui\dialogboxzero.cpp(111): warning C4018: “<”: 有符号/无符号不匹配
d:\gamedevelop\mygame\imastory\proj.win32\ima\ui\dialogboxzero.cpp(133): warning C4018: “<”: 有符号/无符号不匹配
  PropertyPage.cpp
  StatusBar.cpp
  main.cpp
d:\gamedevelop\mygame\imastory\proj.win32\ima\ui\missionpage.h(25): warning C4996: 'cocos2d::LabelTTF': 被声明为已否决 (编译源文件 IMA\UI\MissionPage.cpp)
  d:\gamedevelop\mygame\imastory\cocos2d\cocos\2d\cclabelttf.h(67): note: 参见“cocos2d::LabelTTF”的声明 (编译源文件 IMA\UI\MissionPage.cpp)
d:\gamedevelop\mygame\imastory\proj.win32\ima\ui\missionpage.h(26): warning C4996: 'cocos2d::LabelTTF': 被声明为已否决 (编译源文件 IMA\UI\MissionPage.cpp)
  d:\gamedevelop\mygame\imastory\cocos2d\cocos\2d\cclabelttf.h(67): note: 参见“cocos2d::LabelTTF”的声明 (编译源文件 IMA\UI\MissionPage.cpp)
d:\gamedevelop\mygame\imastory\proj.win32\ima\ui\missionpage.cpp(21): warning C4996: 'cocos2d::LabelTTF::create': 被声明为已否决
  d:\gamedevelop\mygame\imastory\cocos2d\cocos\2d\cclabelttf.h(83): note: 参见“cocos2d::LabelTTF::create”的声明
d:\gamedevelop\mygame\imastory\proj.win32\ima\ui\missionpage.cpp(27): warning C4996: 'cocos2d::LabelTTF::create': 被声明为已否决
  d:\gamedevelop\mygame\imastory\cocos2d\cocos\2d\cclabelttf.h(83): note: 参见“cocos2d::LabelTTF::create”的声明
d:\gamedevelop\mygame\imastory\proj.win32\ima\ui\missionpage.cpp(45): warning C4996: 'cocos2d::LabelTTF::setString': 被声明为已否决
  d:\gamedevelop\mygame\imastory\cocos2d\cocos\2d\cclabelttf.h(129): note: 参见“cocos2d::LabelTTF::setString”的声明
d:\gamedevelop\mygame\imastory\proj.win32\ima\ui\missionpage.cpp(46): warning C4996: 'cocos2d::LabelTTF::setString': 被声明为已否决
  d:\gamedevelop\mygame\imastory\cocos2d\cocos\2d\cclabelttf.h(129): note: 参见“cocos2d::LabelTTF::setString”的声明
  LINK : 缺少程序数据库 D:\GameDevelop\MyGame\IMAStory\proj.win32\Debug.win32\IMAStory.pdb；正在执行完全链接
AppDelegate.obj : warning LNK4075: 忽略“/EDITANDCONTINUE”(由于“/SAFESEH”规范)
    正在创建库 D:\GameDevelop\MyGame\IMAStory\proj.win32\Debug.win32\IMAStory.lib 和对象 D:\GameDevelop\MyGame\IMAStory\proj.win32\Debug.win32\IMAStory.exp
  IMAStory.vcxproj -> D:\GameDevelop\MyGame\IMAStory\proj.win32\Debug.win32\IMAStory.exe
  IMAStory.vcxproj -> D:\GameDevelop\MyGame\IMAStory\proj.win32\Debug.win32\IMAStory.pdb (Full PDB)
  D:\GameDevelop\MyGame\IMAStory\Resources\Archice.json -> D:\GameDevelop\MyGame\IMAStory\proj.win32\Debug.win32\Archice.json
  D:\GameDevelop\MyGame\IMAStory\Resources\background.png -> D:\GameDevelop\MyGame\IMAStory\proj.win32\Debug.win32\background.png
  D:\GameDevelop\MyGame\IMAStory\Resources\BottomNormal.png -> D:\GameDevelop\MyGame\IMAStory\proj.win32\Debug.win32\BottomNormal.png
  D:\GameDevelop\MyGame\IMAStory\Resources\BottomPress.png -> D:\GameDevelop\MyGame\IMAStory\proj.win32\Debug.win32\BottomPress.png
  D:\GameDevelop\MyGame\IMAStory\Resources\CharacterPoint.png -> D:\GameDevelop\MyGame\IMAStory\proj.win32\Debug.win32\CharacterPoint.png
  D:\GameDevelop\MyGame\IMAStory\Resources\CircalBottomPress.png -> D:\GameDevelop\MyGame\IMAStory\proj.win32\Debug.win32\CircalBottomPress.png
  D:\GameDevelop\MyGame\IMAStory\Resources\CircleBottomNormal.png -> D:\GameDevelop\MyGame\IMAStory\proj.win32\Debug.win32\CircleBottomNormal.png
  D:\GameDevelop\MyGame\IMAStory\Resources\CircleBottomNormal.psd -> D:\GameDevelop\MyGame\IMAStory\proj.win32\Debug.win32\CircleBottomNormal.psd
  D:\GameDevelop\MyGame\IMAStory\Resources\ContinueP.png -> D:\GameDevelop\MyGame\IMAStory\proj.win32\Debug.win32\ContinueP.png
  D:\GameDevelop\MyGame\IMAStory\Resources\ContinueS.png -> D:\GameDevelop\MyGame\IMAStory\proj.win32\Debug.win32\ContinueS.png
  D:\GameDevelop\MyGame\IMAStory\Resources\DarkKnight.png -> D:\GameDevelop\MyGame\IMAStory\proj.win32\Debug.win32\DarkKnight.png
  D:\GameDevelop\MyGame\IMAStory\Resources\DarkKnight.sai2 -> D:\GameDevelop\MyGame\IMAStory\proj.win32\Debug.win32\DarkKnight.sai2
  D:\GameDevelop\MyGame\IMAStory\Resources\DarkKnight2.png -> D:\GameDevelop\MyGame\IMAStory\proj.win32\Debug.win32\DarkKnight2.png
  D:\GameDevelop\MyGame\IMAStory\Resources\DarkKnight_Attack_00.png -> D:\GameDevelop\MyGame\IMAStory\proj.win32\Debug.win32\DarkKnight_Attack_00.png
  D:\GameDevelop\MyGame\IMAStory\Resources\DarkKnight_Attack_01.png -> D:\GameDevelop\MyGame\IMAStory\proj.win32\Debug.win32\DarkKnight_Attack_01.png
  D:\GameDevelop\MyGame\IMAStory\Resources\DarkKnight_Hurt_00.png -> D:\GameDevelop\MyGame\IMAStory\proj.win32\Debug.win32\DarkKnight_Hurt_00.png
  D:\GameDevelop\MyGame\IMAStory\Resources\DarkKnight_Move_00.png -> D:\GameDevelop\MyGame\IMAStory\proj.win32\Debug.win32\DarkKnight_Move_00.png
  D:\GameDevelop\MyGame\IMAStory\Resources\DarkKnight_Move_01.png -> D:\GameDevelop\MyGame\IMAStory\proj.win32\Debug.win32\DarkKnight_Move_01.png
  D:\GameDevelop\MyGame\IMAStory\Resources\DarkKnight_Move_02.png -> D:\GameDevelop\MyGame\IMAStory\proj.win32\Debug.win32\DarkKnight_Move_02.png
  D:\GameDevelop\MyGame\IMAStory\Resources\DarkKnight_Move_03.png -> D:\GameDevelop\MyGame\IMAStory\proj.win32\Debug.win32\DarkKnight_Move_03.png
  D:\GameDevelop\MyGame\IMAStory\Resources\DarkKnight_Stay_00.png -> D:\GameDevelop\MyGame\IMAStory\proj.win32\Debug.win32\DarkKnight_Stay_00.png
  D:\GameDevelop\MyGame\IMAStory\Resources\DarkKnight_Stay_01.png -> D:\GameDevelop\MyGame\IMAStory\proj.win32\Debug.win32\DarkKnight_Stay_01.png
  D:\GameDevelop\MyGame\IMAStory\Resources\DialogBox.png -> D:\GameDevelop\MyGame\IMAStory\proj.win32\Debug.win32\DialogBox.png
  D:\GameDevelop\MyGame\IMAStory\Resources\ExitNormal.png -> D:\GameDevelop\MyGame\IMAStory\proj.win32\Debug.win32\ExitNormal.png
  D:\GameDevelop\MyGame\IMAStory\Resources\Exit_selected.png -> D:\GameDevelop\MyGame\IMAStory\proj.win32\Debug.win32\Exit_selected.png
  D:\GameDevelop\MyGame\IMAStory\Resources\Eye.png -> D:\GameDevelop\MyGame\IMAStory\proj.win32\Debug.win32\Eye.png
  D:\GameDevelop\MyGame\IMAStory\Resources\ICO01.png -> D:\GameDevelop\MyGame\IMAStory\proj.win32\Debug.win32\ICO01.png
  D:\GameDevelop\MyGame\IMAStory\Resources\ICO02.png -> D:\GameDevelop\MyGame\IMAStory\proj.win32\Debug.win32\ICO02.png
  D:\GameDevelop\MyGame\IMAStory\Resources\ICO03.png -> D:\GameDevelop\MyGame\IMAStory\proj.win32\Debug.win32\ICO03.png
  D:\GameDevelop\MyGame\IMAStory\Resources\Knight.sai2 -> D:\GameDevelop\MyGame\IMAStory\proj.win32\Debug.win32\Knight.sai2
  D:\GameDevelop\MyGame\IMAStory\Resources\Knight_R_Hit_00.png -> D:\GameDevelop\MyGame\IMAStory\proj.win32\Debug.win32\Knight_R_Hit_00.png
  D:\GameDevelop\MyGame\IMAStory\Resources\Knight_R_Hit_01.png -> D:\GameDevelop\MyGame\IMAStory\proj.win32\Debug.win32\Knight_R_Hit_01.png
  D:\GameDevelop\MyGame\IMAStory\Resources\Knight_R_Hit_02.png -> D:\GameDevelop\MyGame\IMAStory\proj.win32\Debug.win32\Knight_R_Hit_02.png
  D:\GameDevelop\MyGame\IMAStory\Resources\Knight_R_Hit_03.png -> D:\GameDevelop\MyGame\IMAStory\proj.win32\Debug.win32\Knight_R_Hit_03.png
  D:\GameDevelop\MyGame\IMAStory\Resources\Knight_R_Hurt_00.png -> D:\GameDevelop\MyGame\IMAStory\proj.win32\Debug.win32\Knight_R_Hurt_00.png
  D:\GameDevelop\MyGame\IMAStory\Resources\Knight_R_Hurt_01.png -> D:\GameDevelop\MyGame\IMAStory\proj.win32\Debug.win32\Knight_R_Hurt_01.png
  D:\GameDevelop\MyGame\IMAStory\Resources\Knight_R_Move_00.png -> D:\GameDevelop\MyGame\IMAStory\proj.win32\Debug.win32\Knight_R_Move_00.png
  D:\GameDevelop\MyGame\IMAStory\Resources\Knight_R_Move_01.png -> D:\GameDevelop\MyGame\IMAStory\proj.win32\Debug.win32\Knight_R_Move_01.png
  D:\GameDevelop\MyGame\IMAStory\Resources\Knight_R_Move_02.png -> D:\GameDevelop\MyGame\IMAStory\proj.win32\Debug.win32\Knight_R_Move_02.png
  D:\GameDevelop\MyGame\IMAStory\Resources\Knight_R_Move_03.png -> D:\GameDevelop\MyGame\IMAStory\proj.win32\Debug.win32\Knight_R_Move_03.png
  D:\GameDevelop\MyGame\IMAStory\Resources\Knight_R_Move_04.png -> D:\GameDevelop\MyGame\IMAStory\proj.win32\Debug.win32\Knight_R_Move_04.png
  D:\GameDevelop\MyGame\IMAStory\Resources\Knight_R_Stay_00.png -> D:\GameDevelop\MyGame\IMAStory\proj.win32\Debug.win32\Knight_R_Stay_00.png
  D:\GameDevelop\MyGame\IMAStory\Resources\Knight_R_Stay_01.png -> D:\GameDevelop\MyGame\IMAStory\proj.win32\Debug.win32\Knight_R_Stay_01.png
  D:\GameDevelop\MyGame\IMAStory\Resources\MainHeroine - 副本.sai2 -> D:\GameDevelop\MyGame\IMAStory\proj.win32\Debug.win32\MainHeroine - 副本.sai2
  D:\GameDevelop\MyGame\IMAStory\Resources\MainHeroine.png -> D:\GameDevelop\MyGame\IMAStory\proj.win32\Debug.win32\MainHeroine.png
  D:\GameDevelop\MyGame\IMAStory\Resources\MainHeroine.sai2 -> D:\GameDevelop\MyGame\IMAStory\proj.win32\Debug.win32\MainHeroine.sai2
  D:\GameDevelop\MyGame\IMAStory\Resources\MainHeroine2.png -> D:\GameDevelop\MyGame\IMAStory\proj.win32\Debug.win32\MainHeroine2.png
  D:\GameDevelop\MyGame\IMAStory\Resources\MainHeroine2.sai2 -> D:\GameDevelop\MyGame\IMAStory\proj.win32\Debug.win32\MainHeroine2.sai2
  D:\GameDevelop\MyGame\IMAStory\Resources\MainHeroine3.png -> D:\GameDevelop\MyGame\IMAStory\proj.win32\Debug.win32\MainHeroine3.png
  D:\GameDevelop\MyGame\IMAStory\Resources\MainHeroine3.sai2 -> D:\GameDevelop\MyGame\IMAStory\proj.win32\Debug.win32\MainHeroine3.sai2
  D:\GameDevelop\MyGame\IMAStory\Resources\MapData.json -> D:\GameDevelop\MyGame\IMAStory\proj.win32\Debug.win32\MapData.json
  D:\GameDevelop\MyGame\IMAStory\Resources\MenuBar.png -> D:\GameDevelop\MyGame\IMAStory\proj.win32\Debug.win32\MenuBar.png
  D:\GameDevelop\MyGame\IMAStory\Resources\MenuBar.psd -> D:\GameDevelop\MyGame\IMAStory\proj.win32\Debug.win32\MenuBar.psd
  D:\GameDevelop\MyGame\IMAStory\Resources\MissionBox.png -> D:\GameDevelop\MyGame\IMAStory\proj.win32\Debug.win32\MissionBox.png
  D:\GameDevelop\MyGame\IMAStory\Resources\MonsterPoint.png -> D:\GameDevelop\MyGame\IMAStory\proj.win32\Debug.win32\MonsterPoint.png
  D:\GameDevelop\MyGame\IMAStory\Resources\MS00.mp3 -> D:\GameDevelop\MyGame\IMAStory\proj.win32\Debug.win32\MS00.mp3
  D:\GameDevelop\MyGame\IMAStory\Resources\MS01.mp3 -> D:\GameDevelop\MyGame\IMAStory\proj.win32\Debug.win32\MS01.mp3
  D:\GameDevelop\MyGame\IMAStory\Resources\MS02.mp3 -> D:\GameDevelop\MyGame\IMAStory\proj.win32\Debug.win32\MS02.mp3
  D:\GameDevelop\MyGame\IMAStory\Resources\NPC.json -> D:\GameDevelop\MyGame\IMAStory\proj.win32\Debug.win32\NPC.json
  D:\GameDevelop\MyGame\IMAStory\Resources\NPCPoint.png -> D:\GameDevelop\MyGame\IMAStory\proj.win32\Debug.win32\NPCPoint.png
  D:\GameDevelop\MyGame\IMAStory\Resources\PBox.png -> D:\GameDevelop\MyGame\IMAStory\proj.win32\Debug.win32\PBox.png
  D:\GameDevelop\MyGame\IMAStory\Resources\smallmap.png -> D:\GameDevelop\MyGame\IMAStory\proj.win32\Debug.win32\smallmap.png
  D:\GameDevelop\MyGame\IMAStory\Resources\StartNormal.png -> D:\GameDevelop\MyGame\IMAStory\proj.win32\Debug.win32\StartNormal.png
  D:\GameDevelop\MyGame\IMAStory\Resources\Start_selected.png -> D:\GameDevelop\MyGame\IMAStory\proj.win32\Debug.win32\Start_selected.png
  D:\GameDevelop\MyGame\IMAStory\Resources\tips.png -> D:\GameDevelop\MyGame\IMAStory\proj.win32\Debug.win32\tips.png
  D:\GameDevelop\MyGame\IMAStory\Resources\TipsBox.png -> D:\GameDevelop\MyGame\IMAStory\proj.win32\Debug.win32\TipsBox.png
  D:\GameDevelop\MyGame\IMAStory\Resources\Title.png -> D:\GameDevelop\MyGame\IMAStory\proj.win32\Debug.win32\Title.png
  D:\GameDevelop\MyGame\IMAStory\Resources\Villae.tmx -> D:\GameDevelop\MyGame\IMAStory\proj.win32\Debug.win32\Villae.tmx
  D:\GameDevelop\MyGame\IMAStory\Resources\Village.sai2 -> D:\GameDevelop\MyGame\IMAStory\proj.win32\Debug.win32\Village.sai2
  D:\GameDevelop\MyGame\IMAStory\Resources\Village_Block.png -> D:\GameDevelop\MyGame\IMAStory\proj.win32\Debug.win32\Village_Block.png
  复制了 70 个文件
