  lapi.c
  lauxlib.c
  lbaselib.c
  lbitlib.c
  lcode.c
  lcorolib.c
  lctype.c
  ldblib.c
  ldebug.c
  ldo.c
  ldump.c
  lfunc.c
  lgc.c
  linit.c
  liolib.c
  llex.c
  lmathlib.c
  lmem.c
d:\gamedevelop\mygame\imastory\liblua\lua-5.3.4\src\liolib.c(267): warning C4013: “_pclose”未定义；假设外部返回 int
d:\gamedevelop\mygame\imastory\liblua\lua-5.3.4\src\liolib.c(275): warning C4013: “_popen”未定义；假设外部返回 int
d:\gamedevelop\mygame\imastory\liblua\lua-5.3.4\src\liolib.c(275): warning C4047: “=”:“FILE *”与“int”的间接级别不同
  loadlib.c
  lobject.c
  lopcodes.c
  loslib.c
  lparser.c
d:\gamedevelop\mygame\imastory\liblua\lua-5.3.4\src\loslib.c(143): warning C4013: “system”未定义；假设外部返回 int
d:\gamedevelop\mygame\imastory\liblua\lua-5.3.4\src\loslib.c(178): warning C4013: “getenv”未定义；假设外部返回 int
d:\gamedevelop\mygame\imastory\liblua\lua-5.3.4\src\loslib.c(178): warning C4047: “函数”:“const char *”与“int”的间接级别不同
d:\gamedevelop\mygame\imastory\liblua\lua-5.3.4\src\loslib.c(178): warning C4024: “lua_pushstring”: 形参和实参 2 的类型不同
d:\gamedevelop\mygame\imastory\liblua\lua-5.3.4\src\loadlib.c(201): warning C4013: “LoadLibraryExA”未定义；假设外部返回 int
d:\gamedevelop\mygame\imastory\liblua\lua-5.3.4\src\loadlib.c(201): warning C4047: “初始化”:“HMODULE”与“int”的间接级别不同
d:\gamedevelop\mygame\imastory\liblua\lua-5.3.4\src\loadlib.c(294): warning C4013: “getenv”未定义；假设外部返回 int
d:\gamedevelop\mygame\imastory\liblua\lua-5.3.4\src\loadlib.c(296): warning C4047: “=”:“const char *”与“int”的间接级别不同
d:\gamedevelop\mygame\imastory\liblua\lua-5.3.4\src\loadlib.c(294): warning C4047: “初始化”:“const char *”与“int”的间接级别不同
  lstate.c
  lstring.c
  lstrlib.c
  ltable.c
  ltablib.c
  ltm.c
  lundump.c
  lutf8lib.c
  lvm.c
  lzio.c
  libLua.vcxproj -> D:\GameDevelop\MyGame\IMAStory\proj.win32\Debug\libLua\libLua.lib
