d:\gamedevelop\mygame\imastory\liblua\release\lbaselib.obj
d:\gamedevelop\mygame\imastory\liblua\release\lcorolib.obj
d:\gamedevelop\mygame\imastory\liblua\release\ldump.obj
d:\gamedevelop\mygame\imastory\liblua\release\lfunc.obj
d:\gamedevelop\mygame\imastory\liblua\release\llex.obj
d:\gamedevelop\mygame\imastory\liblua\release\lmathlib.obj
d:\gamedevelop\mygame\imastory\liblua\release\loslib.obj
d:\gamedevelop\mygame\imastory\liblua\release\lstate.obj
d:\gamedevelop\mygame\imastory\liblua\release\ltablib.obj
d:\gamedevelop\mygame\imastory\liblua\release\lundump.obj
d:\gamedevelop\mygame\imastory\liblua\release\lapi.obj
d:\gamedevelop\mygame\imastory\liblua\release\lctype.obj
d:\gamedevelop\mygame\imastory\liblua\release\ldblib.obj
d:\gamedevelop\mygame\imastory\liblua\release\linit.obj
d:\gamedevelop\mygame\imastory\liblua\release\loadlib.obj
d:\gamedevelop\mygame\imastory\liblua\release\lzio.obj
d:\gamedevelop\mygame\imastory\liblua\release\lbitlib.obj
d:\gamedevelop\mygame\imastory\liblua\release\lcode.obj
d:\gamedevelop\mygame\imastory\liblua\release\ldebug.obj
d:\gamedevelop\mygame\imastory\liblua\release\lgc.obj
d:\gamedevelop\mygame\imastory\liblua\release\lmem.obj
d:\gamedevelop\mygame\imastory\liblua\release\lobject.obj
d:\gamedevelop\mygame\imastory\liblua\release\lstrlib.obj
d:\gamedevelop\mygame\imastory\liblua\release\ltm.obj
d:\gamedevelop\mygame\imastory\liblua\release\lvm.obj
d:\gamedevelop\mygame\imastory\liblua\release\lauxlib.obj
d:\gamedevelop\mygame\imastory\liblua\release\ldo.obj
d:\gamedevelop\mygame\imastory\liblua\release\liolib.obj
d:\gamedevelop\mygame\imastory\liblua\release\lopcodes.obj
d:\gamedevelop\mygame\imastory\liblua\release\lparser.obj
d:\gamedevelop\mygame\imastory\liblua\release\lstring.obj
d:\gamedevelop\mygame\imastory\liblua\release\ltable.obj
d:\gamedevelop\mygame\imastory\liblua\release\lutf8lib.obj
d:\gamedevelop\mygame\imastory\liblua\release\liblua.pdb
d:\gamedevelop\mygame\imastory\proj.win32\release\liblua\liblua.lib
d:\gamedevelop\mygame\imastory\liblua\release\priconfig.xml
d:\gamedevelop\mygame\imastory\liblua\release\priconfig.xml.intermediate
d:\gamedevelop\mygame\imastory\liblua\release\layout.resfiles
d:\gamedevelop\mygame\imastory\liblua\release\layout.resfiles.intermediate
d:\gamedevelop\mygame\imastory\liblua\release\resources.resfiles
d:\gamedevelop\mygame\imastory\liblua\release\resources.resfiles.intermediate
d:\gamedevelop\mygame\imastory\liblua\release\pri.resfiles
d:\gamedevelop\mygame\imastory\liblua\release\pri.resfiles.intermediate
d:\gamedevelop\mygame\imastory\proj.win32\release\liblua\liblua.pri
d:\gamedevelop\mygame\imastory\liblua\release\qualifiers.txt
d:\gamedevelop\mygame\imastory\liblua\release\qualifiers.txt.intermediate
d:\gamedevelop\mygame\imastory\liblua\release\multiplequalifiersperdimensionfound.txt
d:\gamedevelop\mygame\imastory\liblua\release\liblua.tlog\cl.command.1.tlog
d:\gamedevelop\mygame\imastory\liblua\release\liblua.tlog\cl.read.1.tlog
d:\gamedevelop\mygame\imastory\liblua\release\liblua.tlog\cl.write.1.tlog
d:\gamedevelop\mygame\imastory\liblua\release\liblua.tlog\lib-link.read.1.tlog
d:\gamedevelop\mygame\imastory\liblua\release\liblua.tlog\lib-link.write.1.tlog
d:\gamedevelop\mygame\imastory\liblua\release\liblua.tlog\lib.command.1.tlog
d:\gamedevelop\mygame\imastory\liblua\release\liblua.tlog\liblua.read.1u.tlog
d:\gamedevelop\mygame\imastory\liblua\release\liblua.tlog\liblua.write.1u.tlog
